# JRE version: OpenJDK Runtime Environment (24.0.1+9) (build 24.0.1+9-30)
# Java VM: OpenJDK 64-Bit Server VM (24.0.1+9-30, mixed mode, emulated-client, sharing, tiered, compressed oops, compressed class ptrs, g1 gc, windows-amd64)
GC Precious Log:
 CardTable entry size: 512
 Card Set container configuration: InlinePtr #cards 4 size 8 Array Of Cards #cards 16 size 48 Howl #buckets 8 coarsen threshold 3686 Howl Bitmap #cards 512 size 80 coarsen threshold 460 Card regions per heap region 1 cards per card region 4096
 CPUs: 16 total, 16 available
 Memory: 15610M
 Large Page Support: Disabled
 NUMA Support: Disabled
 Compressed Oops: Enabled (Zero based)
 Heap Region Size: 2M
 Heap Min Capacity: 8M
 Heap Initial Capacity: 244M
 Heap Max Capacity: 3904M
 Pre-touch: Disabled
 Parallel Workers: 13
 Concurrent Workers: 3
 Concurrent Refinement Workers: 13
 Periodic GC: Disabled
Heap:
 garbage-first heap   total reserved 3997696K, committed 61440K, used 36038K [0x000000070c000000, 0x0000000800000000)
  region size 2048K, 14 young (28672K), 3 survivors (6144K)
 Metaspace       used 28945K, committed 29440K, reserved 1114112K
  class space    used 3322K, committed 3584K, reserved 1048576K
GC Heap History (8 events):
Event: 1.613 GC heap before
{Heap before GC invocations=0 (full 0):
 garbage-first heap   total reserved 3997696K, committed 251904K, used 50288K [0x000000070c000000, 0x0000000800000000)
  region size 2048K, 24 young (49152K), 0 survivors (0K)
 Metaspace       used 10904K, committed 11200K, reserved 1114112K
  class space    used 1298K, committed 1408K, reserved 1048576K
}
Event: 1.622 GC heap after
{Heap after GC invocations=1 (full 0):
 garbage-first heap   total reserved 3997696K, committed 251904K, used 7301K [0x000000070c000000, 0x0000000800000000)
  region size 2048K, 3 young (6144K), 3 survivors (6144K)
 Metaspace       used 10904K, committed 11200K, reserved 1114112K
  class space    used 1298K, committed 1408K, reserved 1048576K
}
Event: 2.113 GC heap before
{Heap before GC invocations=1 (full 0):
 garbage-first heap   total reserved 3997696K, committed 251904K, used 42117K [0x000000070c000000, 0x0000000800000000)
  region size 2048K, 21 young (43008K), 3 survivors (6144K)
 Metaspace       used 18982K, committed 19264K, reserved 1114112K
  class space    used 2102K, committed 2240K, reserved 1048576K
}
Event: 2.122 GC heap after
{Heap after GC invocations=2 (full 0):
 garbage-first heap   total reserved 3997696K, committed 251904K, used 10929K [0x000000070c000000, 0x0000000800000000)
  region size 2048K, 5 young (10240K), 5 survivors (10240K)
 Metaspace       used 18982K, committed 19264K, reserved 1114112K
  class space    used 2102K, committed 2240K, reserved 1048576K
}
Event: 2.692 GC heap before
{Heap before GC invocations=3 (full 0):
 garbage-first heap   total reserved 3997696K, committed 49152K, used 45745K [0x000000070c000000, 0x0000000800000000)
  region size 2048K, 22 young (45056K), 5 survivors (10240K)
 Metaspace       used 22865K, committed 23232K, reserved 1114112K
  class space    used 2598K, committed 2752K, reserved 1048576K
}
Event: 2.704 GC heap after
{Heap after GC invocations=4 (full 0):
 garbage-first heap   total reserved 3997696K, committed 61440K, used 13307K [0x000000070c000000, 0x0000000800000000)
  region size 2048K, 6 young (12288K), 6 survivors (12288K)
 Metaspace       used 22865K, committed 23232K, reserved 1114112K
  class space    used 2598K, committed 2752K, reserved 1048576K
}
Event: 3.175 GC heap before
{Heap before GC invocations=4 (full 0):
 garbage-first heap   total reserved 3997696K, committed 61440K, used 37883K [0x000000070c000000, 0x0000000800000000)
  region size 2048K, 18 young (36864K), 6 survivors (12288K)
 Metaspace       used 26449K, committed 26880K, reserved 1114112K
  class space    used 3012K, committed 3200K, reserved 1048576K
}
Event: 3.186 GC heap after
{Heap after GC invocations=5 (full 0):
 garbage-first heap   total reserved 3997696K, committed 61440K, used 15558K [0x000000070c000000, 0x0000000800000000)
  region size 2048K, 3 young (6144K), 3 survivors (6144K)
 Metaspace       used 26449K, committed 26880K, reserved 1114112K
  class space    used 3012K, committed 3200K, reserved 1048576K
}

